<?xml version="1.0" encoding="UTF-8" standalone="yes"?>
<testsuites name="RFS" time="16" tests="0" failures="1" errors="0">
    <testsuite name="RFS" tests="0" failures="1" errors="0" time="16" timestamp="2019-07-17 23:01:11" hostname="ASUS - 192.168.1.5" id="Test Suites/RFS">
        <properties>
            <property name="deviceName" value=""/>
            <property name="devicePlatform" value=""/>
            <property name="logFolder" value="D:\\Auto-projects\\S1-Auto\\Reports\\RFS\\20190717_230109"/>
            <property name="logFiles" value="D:\\Auto-projects\\S1-Auto\\Reports\\RFS\\20190717_230109\\execution0.log"/>
            <property name="attachments" value=""/>
            <property name="hostName" value="ASUS - 192.168.1.5"/>
            <property name="os" value="Windows 10 64bit"/>
            <property name="katalonVersion" value="6.2.1.2"/>
            <property name="browser" value="Chrome 75.0.3770.100"/>
            <property name="hostAddress" value="192.168.1.5"/>
            <property name="sessionId" value="c8c19df5be14fbf915537592f6f49d6e"/>
            <property name="seleniumVersion" value="3.141.59"/>
            <property name="proxyInformation" value="ProxyInformation{proxyOption=NO_PROXY, proxyServerType=HTTP, password=, proxyServerAddress=, proxyServerPort=0}"/>
            <property name="platform" value="Windows 10"/>
        </properties>
        <testcase name="Test Cases/CreateNewRFS" classname="Test Cases/CreateNewRFS" status="FAILED">
            <failure type="FAILED" message="Test Cases/CreateNewRFS FAILED.&#xA;Reason:&#xA;com.kms.katalon.core.exception.StepFailedException: Actual object 'TestObject - 'Object Repository/RFS Details/projectName'' and expected object 'Sky Center' are not equal&#xD;&#xA;&#x9;at com.kms.katalon.core.keyword.builtin.VerifyEqualKeyword$_verifyEqual_closure1.doCall(VerifyEqualKeyword.groovy:58)&#xD;&#xA;&#x9;at com.kms.katalon.core.keyword.builtin.VerifyEqualKeyword$_verifyEqual_closure1.call(VerifyEqualKeyword.groovy)&#xD;&#xA;&#x9;at com.kms.katalon.core.keyword.internal.KeywordMain.runKeyword(KeywordMain.groovy:68)&#xD;&#xA;&#x9;at com.kms.katalon.core.keyword.builtin.VerifyEqualKeyword.verifyEqual(VerifyEqualKeyword.groovy:63)&#xD;&#xA;&#x9;at com.kms.katalon.core.keyword.builtin.VerifyEqualKeyword.execute(VerifyEqualKeyword.groovy:44)&#xD;&#xA;&#x9;at com.kms.katalon.core.keyword.internal.KeywordExecutor.executeKeywordForPlatform(KeywordExecutor.groovy:56)&#xD;&#xA;&#x9;at com.kms.katalon.core.keyword.BuiltinKeywords.verifyEqual(BuiltinKeywords.groovy:141)&#xD;&#xA;&#x9;at CreateNewRFS.run(CreateNewRFS:39)&#xD;&#xA;&#x9;at com.kms.katalon.core.main.ScriptEngine.run(ScriptEngine.java:194)&#xD;&#xA;&#x9;at com.kms.katalon.core.main.ScriptEngine.runScriptAsRawText(ScriptEngine.java:119)&#xD;&#xA;&#x9;at com.kms.katalon.core.main.TestCaseExecutor.runScript(TestCaseExecutor.java:337)&#xD;&#xA;&#x9;at com.kms.katalon.core.main.TestCaseExecutor.doExecute(TestCaseExecutor.java:328)&#xD;&#xA;&#x9;at com.kms.katalon.core.main.TestCaseExecutor.processExecutionPhase(TestCaseExecutor.java:307)&#xD;&#xA;&#x9;at com.kms.katalon.core.main.TestCaseExecutor.accessMainPhase(TestCaseExecutor.java:299)&#xD;&#xA;&#x9;at com.kms.katalon.core.main.TestCaseExecutor.execute(TestCaseExecutor.java:233)&#xD;&#xA;&#x9;at com.kms.katalon.core.main.TestSuiteExecutor.accessTestCaseMainPhase(TestSuiteExecutor.java:133)&#xD;&#xA;&#x9;at com.kms.katalon.core.main.TestSuiteExecutor.accessTestSuiteMainPhase(TestSuiteExecutor.java:116)&#xD;&#xA;&#x9;at com.kms.katalon.core.main.TestSuiteExecutor.execute(TestSuiteExecutor.java:83)&#xD;&#xA;&#x9;at com.kms.katalon.core.main.TestCaseMain.startTestSuite(TestCaseMain.java:157)&#xD;&#xA;&#x9;at com.kms.katalon.core.main.TestCaseMain$startTestSuite$0.call(Unknown Source)&#xD;&#xA;&#x9;at TempTestSuite1563379269837.run(TempTestSuite1563379269837.groovy:35)&#xD;&#xA;"/>
            <system-out>2019-07-17 23:01:11 - [TEST_CASE][FAILED] - Test Cases/CreateNewRFS: Test Cases/CreateNewRFS FAILED.
Reason:
com.kms.katalon.core.exception.StepFailedException: Actual object 'TestObject - 'Object Repository/RFS Details/projectName'' and expected object 'Sky Center' are not equal&#xD;
	at com.kms.katalon.core.keyword.builtin.VerifyEqualKeyword$_verifyEqual_closure1.doCall(VerifyEqualKeyword.groovy:58)&#xD;
	at com.kms.katalon.core.keyword.builtin.VerifyEqualKeyword$_verifyEqual_closure1.call(VerifyEqualKeyword.groovy)&#xD;
	at com.kms.katalon.core.keyword.internal.KeywordMain.runKeyword(KeywordMain.groovy:68)&#xD;
	at com.kms.katalon.core.keyword.builtin.VerifyEqualKeyword.verifyEqual(VerifyEqualKeyword.groovy:63)&#xD;
	at com.kms.katalon.core.keyword.builtin.VerifyEqualKeyword.execute(VerifyEqualKeyword.groovy:44)&#xD;
	at com.kms.katalon.core.keyword.internal.KeywordExecutor.executeKeywordForPlatform(KeywordExecutor.groovy:56)&#xD;
	at com.kms.katalon.core.keyword.BuiltinKeywords.verifyEqual(BuiltinKeywords.groovy:141)&#xD;
	at CreateNewRFS.run(CreateNewRFS:39)&#xD;
	at com.kms.katalon.core.main.ScriptEngine.run(ScriptEngine.java:194)&#xD;
	at com.kms.katalon.core.main.ScriptEngine.runScriptAsRawText(ScriptEngine.java:119)&#xD;
	at com.kms.katalon.core.main.TestCaseExecutor.runScript(TestCaseExecutor.java:337)&#xD;
	at com.kms.katalon.core.main.TestCaseExecutor.doExecute(TestCaseExecutor.java:328)&#xD;
	at com.kms.katalon.core.main.TestCaseExecutor.processExecutionPhase(TestCaseExecutor.java:307)&#xD;
	at com.kms.katalon.core.main.TestCaseExecutor.accessMainPhase(TestCaseExecutor.java:299)&#xD;
	at com.kms.katalon.core.main.TestCaseExecutor.execute(TestCaseExecutor.java:233)&#xD;
	at com.kms.katalon.core.main.TestSuiteExecutor.accessTestCaseMainPhase(TestSuiteExecutor.java:133)&#xD;
	at com.kms.katalon.core.main.TestSuiteExecutor.accessTestSuiteMainPhase(TestSuiteExecutor.java:116)&#xD;
	at com.kms.katalon.core.main.TestSuiteExecutor.execute(TestSuiteExecutor.java:83)&#xD;
	at com.kms.katalon.core.main.TestCaseMain.startTestSuite(TestCaseMain.java:157)&#xD;
	at com.kms.katalon.core.main.TestCaseMain$startTestSuite$0.call(Unknown Source)&#xD;
	at TempTestSuite1563379269837.run(TempTestSuite1563379269837.groovy:35)&#xD;
&#xD;
&#xD;
2019-07-17 23:01:11 - [TEST_STEP][PASSED] - Start listener action : sampleBeforeTestCase: null&#xD;
&#xD;
2019-07-17 23:01:11 - [TEST_STEP][PASSED] - Start setup action : SetUp: Method 'SetUp' complete successfully&#xD;
&#xD;
2019-07-17 23:01:12 - [TEST_STEP][PASSED] - commonKeyword.Table.Login(URL_NewRFS): commonKeyword.Table.Login is PASSED&#xD;
&#xD;
2019-07-17 23:01:12 - [MESSAGE][INFO] - Starting 'Chrome' driver&#xD;
&#xD;
2019-07-17 23:01:12 - [MESSAGE][INFO] - Action delay is set to 0 seconds&#xD;
&#xD;
2019-07-17 23:01:22 - [MESSAGE][PASSED] - Browser is opened with url: 'http://builder101.siteoneservices.xyz/request-for-services/add'&#xD;
&#xD;
2019-07-17 23:01:23 - [MESSAGE][PASSED] - Current window maximized&#xD;
&#xD;
2019-07-17 23:01:23 - [MESSAGE][PASSED] - Text 'builder101@yopmail.com' is set on object 'Object Repository/Login/txt_Email'&#xD;
&#xD;
2019-07-17 23:01:23 - [MESSAGE][PASSED] - Text '1234' is set on object 'Object Repository/Login/txt_Password'&#xD;
&#xD;
2019-07-17 23:01:23 - [MESSAGE][PASSED] - Object: 'Object Repository/Login/btn_Sign in' is clicked on&#xD;
&#xD;
2019-07-17 23:01:23 - [MESSAGE][PASSED] - commonKeyword.Table.Login is PASSED&#xD;
&#xD;
2019-07-17 23:01:23 - [MESSAGE][PASSED] - Method 'SetUp' complete successfully&#xD;
&#xD;
2019-07-17 23:01:23 - [TEST_STEP][PASSED] - click(findTestObject("CreateRFS/icon_ProjectDropdown")): Object: 'Object Repository/CreateRFS/icon_ProjectDropdown' is clicked on&#xD;
&#xD;
2019-07-17 23:01:25 - [MESSAGE][PASSED] - Object: 'Object Repository/CreateRFS/icon_ProjectDropdown' is clicked on&#xD;
&#xD;
2019-07-17 23:01:25 - [TEST_STEP][PASSED] - click(findTestObject("CreateRFS/item_Project", ["project_name":project])): Object: 'Object Repository/CreateRFS/item_Project' is clicked on&#xD;
&#xD;
2019-07-17 23:01:25 - [MESSAGE][PASSED] - Object: 'Object Repository/CreateRFS/item_Project' is clicked on&#xD;
&#xD;
2019-07-17 23:01:25 - [TEST_STEP][PASSED] - click(findTestObject("CreateRFS/icon_LotDropdown")): Object: 'Object Repository/CreateRFS/icon_LotDropdown' is clicked on&#xD;
&#xD;
2019-07-17 23:01:25 - [MESSAGE][PASSED] - Object: 'Object Repository/CreateRFS/icon_LotDropdown' is clicked on&#xD;
&#xD;
2019-07-17 23:01:25 - [TEST_STEP][PASSED] - click(findTestObject("CreateRFS/item_Lot", ["lot_id":lot])): Object: 'Object Repository/CreateRFS/item_Lot' is clicked on&#xD;
&#xD;
2019-07-17 23:01:26 - [MESSAGE][PASSED] - Object: 'Object Repository/CreateRFS/item_Lot' is clicked on&#xD;
&#xD;
2019-07-17 23:01:26 - [TEST_STEP][PASSED] - click(findTestObject("CreateRFS/icon_RequestTypeDropdown")): Object: 'Object Repository/CreateRFS/icon_RequestTypeDropdown' is clicked on&#xD;
&#xD;
2019-07-17 23:01:26 - [MESSAGE][PASSED] - Object: 'Object Repository/CreateRFS/icon_RequestTypeDropdown' is clicked on&#xD;
&#xD;
2019-07-17 23:01:26 - [TEST_STEP][PASSED] - click(findTestObject("CreateRFS/item_RequestType", ["request_type":requestType])): Object: 'Object Repository/CreateRFS/item_RequestType' is clicked on&#xD;
&#xD;
2019-07-17 23:01:27 - [MESSAGE][PASSED] - Object: 'Object Repository/CreateRFS/item_RequestType' is clicked on&#xD;
&#xD;
2019-07-17 23:01:27 - [TEST_STEP][PASSED] - click(findTestObject("CreateRFS/icon_ManagedByDropdown")): Object: 'Object Repository/CreateRFS/icon_ManagedByDropdown' is clicked on&#xD;
&#xD;
2019-07-17 23:01:27 - [MESSAGE][PASSED] - Object: 'Object Repository/CreateRFS/icon_ManagedByDropdown' is clicked on&#xD;
&#xD;
2019-07-17 23:01:27 - [TEST_STEP][PASSED] - click(findTestObject("CreateRFS/item_RFSManagedBy", ["rfs_managedBy":managedBy])): Object: 'Object Repository/CreateRFS/item_RFSManagedBy' is clicked on&#xD;
&#xD;
2019-07-17 23:01:27 - [MESSAGE][PASSED] - Object: 'Object Repository/CreateRFS/item_RFSManagedBy' is clicked on&#xD;
&#xD;
2019-07-17 23:01:27 - [TEST_STEP][PASSED] - click(findTestObject("CreateRFS/btn_ProceedToReportProblem")): Object: 'Object Repository/CreateRFS/btn_ProceedToReportProblem' is clicked on&#xD;
&#xD;
2019-07-17 23:01:27 - [MESSAGE][PASSED] - Object: 'Object Repository/CreateRFS/btn_ProceedToReportProblem' is clicked on&#xD;
&#xD;
2019-07-17 23:01:27 - [TEST_STEP][PASSED] - waitForElementPresent(findTestObject("RFS Details/projectName"), 4): Object 'Object Repository/RFS Details/projectName' is present&#xD;
&#xD;
2019-07-17 23:01:27 - [MESSAGE][PASSED] - Object 'Object Repository/RFS Details/projectName' is present&#xD;
&#xD;
2019-07-17 23:01:27 - [TEST_STEP][FAILED] - verifyEqual(findTestObject("RFS Details/projectName"), project): Unable to verify equal between actual object 'TestObject - 'Object Repository/RFS Details/projectName'' and expected object 'Sky Center' (Root cause: com.kms.katalon.core.exception.StepFailedException: Actual object 'TestObject - 'Object Repository/RFS Details/projectName'' and expected object 'Sky Center' are not equal&#xD;
	at com.kms.katalon.core.keyword.builtin.VerifyEqualKeyword$_verifyEqual_closure1.doCall(VerifyEqualKeyword.groovy:58)&#xD;
	at com.kms.katalon.core.keyword.builtin.VerifyEqualKeyword$_verifyEqual_closure1.call(VerifyEqualKeyword.groovy)&#xD;
	at com.kms.katalon.core.keyword.internal.KeywordMain.runKeyword(KeywordMain.groovy:68)&#xD;
	at com.kms.katalon.core.keyword.builtin.VerifyEqualKeyword.verifyEqual(VerifyEqualKeyword.groovy:63)&#xD;
	at com.kms.katalon.core.keyword.builtin.VerifyEqualKeyword.execute(VerifyEqualKeyword.groovy:44)&#xD;
	at com.kms.katalon.core.keyword.internal.KeywordExecutor.executeKeywordForPlatform(KeywordExecutor.groovy:56)&#xD;
	at com.kms.katalon.core.keyword.BuiltinKeywords.verifyEqual(BuiltinKeywords.groovy:141)&#xD;
	at CreateNewRFS.run(CreateNewRFS:39)&#xD;
	at com.kms.katalon.core.main.ScriptEngine.run(ScriptEngine.java:194)&#xD;
	at com.kms.katalon.core.main.ScriptEngine.runScriptAsRawText(ScriptEngine.java:119)&#xD;
	at com.kms.katalon.core.main.TestCaseExecutor.runScript(TestCaseExecutor.java:337)&#xD;
	at com.kms.katalon.core.main.TestCaseExecutor.doExecute(TestCaseExecutor.java:328)&#xD;
	at com.kms.katalon.core.main.TestCaseExecutor.processExecutionPhase(TestCaseExecutor.java:307)&#xD;
	at com.kms.katalon.core.main.TestCaseExecutor.accessMainPhase(TestCaseExecutor.java:299)&#xD;
	at com.kms.katalon.core.main.TestCaseExecutor.execute(TestCaseExecutor.java:233)&#xD;
	at com.kms.katalon.core.main.TestSuiteExecutor.accessTestCaseMainPhase(TestSuiteExecutor.java:133)&#xD;
	at com.kms.katalon.core.main.TestSuiteExecutor.accessTestSuiteMainPhase(TestSuiteExecutor.java:116)&#xD;
	at com.kms.katalon.core.main.TestSuiteExecutor.execute(TestSuiteExecutor.java:83)&#xD;
	at com.kms.katalon.core.main.TestCaseMain.startTestSuite(TestCaseMain.java:157)&#xD;
	at com.kms.katalon.core.main.TestCaseMain$startTestSuite$0.call(Unknown Source)&#xD;
	at TempTestSuite1563379269837.run(TempTestSuite1563379269837.groovy:35)&#xD;
)&#xD;
&#xD;
2019-07-17 23:01:27 - [MESSAGE][FAILED] - Unable to verify equal between actual object 'TestObject - 'Object Repository/RFS Details/projectName'' and expected object 'Sky Center' (Root cause: com.kms.katalon.core.exception.StepFailedException: Actual object 'TestObject - 'Object Repository/RFS Details/projectName'' and expected object 'Sky Center' are not equal&#xD;
	at com.kms.katalon.core.keyword.builtin.VerifyEqualKeyword$_verifyEqual_closure1.doCall(VerifyEqualKeyword.groovy:58)&#xD;
	at com.kms.katalon.core.keyword.builtin.VerifyEqualKeyword$_verifyEqual_closure1.call(VerifyEqualKeyword.groovy)&#xD;
	at com.kms.katalon.core.keyword.internal.KeywordMain.runKeyword(KeywordMain.groovy:68)&#xD;
	at com.kms.katalon.core.keyword.builtin.VerifyEqualKeyword.verifyEqual(VerifyEqualKeyword.groovy:63)&#xD;
	at com.kms.katalon.core.keyword.builtin.VerifyEqualKeyword.execute(VerifyEqualKeyword.groovy:44)&#xD;
	at com.kms.katalon.core.keyword.internal.KeywordExecutor.executeKeywordForPlatform(KeywordExecutor.groovy:56)&#xD;
	at com.kms.katalon.core.keyword.BuiltinKeywords.verifyEqual(BuiltinKeywords.groovy:141)&#xD;
	at CreateNewRFS.run(CreateNewRFS:39)&#xD;
	at com.kms.katalon.core.main.ScriptEngine.run(ScriptEngine.java:194)&#xD;
	at com.kms.katalon.core.main.ScriptEngine.runScriptAsRawText(ScriptEngine.java:119)&#xD;
	at com.kms.katalon.core.main.TestCaseExecutor.runScript(TestCaseExecutor.java:337)&#xD;
	at com.kms.katalon.core.main.TestCaseExecutor.doExecute(TestCaseExecutor.java:328)&#xD;
	at com.kms.katalon.core.main.TestCaseExecutor.processExecutionPhase(TestCaseExecutor.java:307)&#xD;
	at com.kms.katalon.core.main.TestCaseExecutor.accessMainPhase(TestCaseExecutor.java:299)&#xD;
	at com.kms.katalon.core.main.TestCaseExecutor.execute(TestCaseExecutor.java:233)&#xD;
	at com.kms.katalon.core.main.TestSuiteExecutor.accessTestCaseMainPhase(TestSuiteExecutor.java:133)&#xD;
	at com.kms.katalon.core.main.TestSuiteExecutor.accessTestSuiteMainPhase(TestSuiteExecutor.java:116)&#xD;
	at com.kms.katalon.core.main.TestSuiteExecutor.execute(TestSuiteExecutor.java:83)&#xD;
	at com.kms.katalon.core.main.TestCaseMain.startTestSuite(TestCaseMain.java:157)&#xD;
	at com.kms.katalon.core.main.TestCaseMain$startTestSuite$0.call(Unknown Source)&#xD;
	at TempTestSuite1563379269837.run(TempTestSuite1563379269837.groovy:35)&#xD;
)&#xD;
&#xD;
2019-07-17 23:01:27 - [TEST_STEP][PASSED] - Start tear down : TearDown: Method 'TearDown' complete successfully&#xD;
&#xD;
2019-07-17 23:01:27 - [MESSAGE][PASSED] - Method 'TearDown' complete successfully&#xD;
&#xD;
2019-07-17 23:01:27 - [TEST_STEP][PASSED] - Start listener action : sampleAfterTestCase: null</system-out>
            <system-err>2019-07-17 23:01:11 - [TEST_CASE][FAILED] - Test Cases/CreateNewRFS: Test Cases/CreateNewRFS FAILED.
Reason:
com.kms.katalon.core.exception.StepFailedException: Actual object 'TestObject - 'Object Repository/RFS Details/projectName'' and expected object 'Sky Center' are not equal&#xD;
	at com.kms.katalon.core.keyword.builtin.VerifyEqualKeyword$_verifyEqual_closure1.doCall(VerifyEqualKeyword.groovy:58)&#xD;
	at com.kms.katalon.core.keyword.builtin.VerifyEqualKeyword$_verifyEqual_closure1.call(VerifyEqualKeyword.groovy)&#xD;
	at com.kms.katalon.core.keyword.internal.KeywordMain.runKeyword(KeywordMain.groovy:68)&#xD;
	at com.kms.katalon.core.keyword.builtin.VerifyEqualKeyword.verifyEqual(VerifyEqualKeyword.groovy:63)&#xD;
	at com.kms.katalon.core.keyword.builtin.VerifyEqualKeyword.execute(VerifyEqualKeyword.groovy:44)&#xD;
	at com.kms.katalon.core.keyword.internal.KeywordExecutor.executeKeywordForPlatform(KeywordExecutor.groovy:56)&#xD;
	at com.kms.katalon.core.keyword.BuiltinKeywords.verifyEqual(BuiltinKeywords.groovy:141)&#xD;
	at CreateNewRFS.run(CreateNewRFS:39)&#xD;
	at com.kms.katalon.core.main.ScriptEngine.run(ScriptEngine.java:194)&#xD;
	at com.kms.katalon.core.main.ScriptEngine.runScriptAsRawText(ScriptEngine.java:119)&#xD;
	at com.kms.katalon.core.main.TestCaseExecutor.runScript(TestCaseExecutor.java:337)&#xD;
	at com.kms.katalon.core.main.TestCaseExecutor.doExecute(TestCaseExecutor.java:328)&#xD;
	at com.kms.katalon.core.main.TestCaseExecutor.processExecutionPhase(TestCaseExecutor.java:307)&#xD;
	at com.kms.katalon.core.main.TestCaseExecutor.accessMainPhase(TestCaseExecutor.java:299)&#xD;
	at com.kms.katalon.core.main.TestCaseExecutor.execute(TestCaseExecutor.java:233)&#xD;
	at com.kms.katalon.core.main.TestSuiteExecutor.accessTestCaseMainPhase(TestSuiteExecutor.java:133)&#xD;
	at com.kms.katalon.core.main.TestSuiteExecutor.accessTestSuiteMainPhase(TestSuiteExecutor.java:116)&#xD;
	at com.kms.katalon.core.main.TestSuiteExecutor.execute(TestSuiteExecutor.java:83)&#xD;
	at com.kms.katalon.core.main.TestCaseMain.startTestSuite(TestCaseMain.java:157)&#xD;
	at com.kms.katalon.core.main.TestCaseMain$startTestSuite$0.call(Unknown Source)&#xD;
	at TempTestSuite1563379269837.run(TempTestSuite1563379269837.groovy:35)</system-err>
        </testcase>
        <system-out>2019-07-17 23:01:11 - [TEST_SUITE][INCOMPLETE] - RFS: null</system-out>
        <system-err>2019-07-17 23:01:11 - [TEST_SUITE][INCOMPLETE] - RFS: null</system-err>
    </testsuite>
</testsuites>
