<?xml version="1.0" encoding="UTF-8" standalone="yes"?>
<testsuites name="Project" time="32" tests="0" failures="1" errors="0">
    <testsuite name="Project" tests="0" failures="1" errors="0" time="32" timestamp="2019-07-10 22:00:15" hostname="phong.tran - DESKTOP-6R9UECD" id="Test Suites/Project">
        <properties>
            <property name="deviceName" value=""/>
            <property name="devicePlatform" value=""/>
            <property name="logFolder" value="D:\\Works\\project\\S1-Auto\\Reports\\Project\\20190710_220013"/>
            <property name="logFiles" value="D:\\Works\\project\\S1-Auto\\Reports\\Project\\20190710_220013\\execution0.log"/>
            <property name="attachments" value="D:\\Works\\project\\S1-Auto\\Reports\\Project\\20190710_220013\\text search"/>
            <property name="hostName" value="phong.tran - DESKTOP-6R9UECD"/>
            <property name="os" value="Windows 10 64bit"/>
            <property name="katalonVersion" value="6.2.0.1"/>
            <property name="browser" value="Chrome 75.0.3770.100"/>
            <property name="hostAddress" value="192.168.1.148"/>
            <property name="sessionId" value="a5af21e4fbb9a1be0f8daa38832c3e44"/>
            <property name="seleniumVersion" value="3.141.59"/>
            <property name="proxyInformation" value="ProxyInformation{proxyOption=NO_PROXY, proxyServerType=HTTP, password=, proxyServerAddress=, proxyServerPort=0}"/>
            <property name="platform" value="Windows 10"/>
        </properties>
        <testcase name="Test Cases/CreateNewProject" classname="Test Cases/CreateNewProject" status="FAILED">
            <failure type="FAILED" message="Test Cases/CreateNewProject FAILED.&#xA;Reason:&#xA;com.kms.katalon.core.exception.StepFailedException: Can not find project name&#xD;&#xA;&#x9;at com.kms.katalon.core.util.KeywordUtil.markFailed(KeywordUtil.java:19)&#xD;&#xA;&#x9;at com.kms.katalon.core.util.KeywordUtil$markFailed.call(Unknown Source)&#xD;&#xA;&#x9;at CreateNewProject.run(CreateNewProject:26)&#xD;&#xA;&#x9;at com.kms.katalon.core.main.ScriptEngine.run(ScriptEngine.java:194)&#xD;&#xA;&#x9;at com.kms.katalon.core.main.ScriptEngine.runScriptAsRawText(ScriptEngine.java:119)&#xD;&#xA;&#x9;at com.kms.katalon.core.main.TestCaseExecutor.runScript(TestCaseExecutor.java:337)&#xD;&#xA;&#x9;at com.kms.katalon.core.main.TestCaseExecutor.doExecute(TestCaseExecutor.java:328)&#xD;&#xA;&#x9;at com.kms.katalon.core.main.TestCaseExecutor.processExecutionPhase(TestCaseExecutor.java:307)&#xD;&#xA;&#x9;at com.kms.katalon.core.main.TestCaseExecutor.accessMainPhase(TestCaseExecutor.java:299)&#xD;&#xA;&#x9;at com.kms.katalon.core.main.TestCaseExecutor.execute(TestCaseExecutor.java:233)&#xD;&#xA;&#x9;at com.kms.katalon.core.main.TestSuiteExecutor.accessTestCaseMainPhase(TestSuiteExecutor.java:133)&#xD;&#xA;&#x9;at com.kms.katalon.core.main.TestSuiteExecutor.accessTestSuiteMainPhase(TestSuiteExecutor.java:116)&#xD;&#xA;&#x9;at com.kms.katalon.core.main.TestSuiteExecutor.execute(TestSuiteExecutor.java:83)&#xD;&#xA;&#x9;at com.kms.katalon.core.main.TestCaseMain.startTestSuite(TestCaseMain.java:157)&#xD;&#xA;&#x9;at com.kms.katalon.core.main.TestCaseMain$startTestSuite$0.call(Unknown Source)&#xD;&#xA;&#x9;at TempTestSuite1562821213466.run(TempTestSuite1562821213466.groovy:35)&#xD;&#xA;"/>
            <system-out>2019-07-10 22:00:15 - [TEST_CASE][FAILED] - Test Cases/CreateNewProject: Test Cases/CreateNewProject FAILED.
Reason:
com.kms.katalon.core.exception.StepFailedException: Can not find project name&#xD;
	at com.kms.katalon.core.util.KeywordUtil.markFailed(KeywordUtil.java:19)&#xD;
	at com.kms.katalon.core.util.KeywordUtil$markFailed.call(Unknown Source)&#xD;
	at CreateNewProject.run(CreateNewProject:26)&#xD;
	at com.kms.katalon.core.main.ScriptEngine.run(ScriptEngine.java:194)&#xD;
	at com.kms.katalon.core.main.ScriptEngine.runScriptAsRawText(ScriptEngine.java:119)&#xD;
	at com.kms.katalon.core.main.TestCaseExecutor.runScript(TestCaseExecutor.java:337)&#xD;
	at com.kms.katalon.core.main.TestCaseExecutor.doExecute(TestCaseExecutor.java:328)&#xD;
	at com.kms.katalon.core.main.TestCaseExecutor.processExecutionPhase(TestCaseExecutor.java:307)&#xD;
	at com.kms.katalon.core.main.TestCaseExecutor.accessMainPhase(TestCaseExecutor.java:299)&#xD;
	at com.kms.katalon.core.main.TestCaseExecutor.execute(TestCaseExecutor.java:233)&#xD;
	at com.kms.katalon.core.main.TestSuiteExecutor.accessTestCaseMainPhase(TestSuiteExecutor.java:133)&#xD;
	at com.kms.katalon.core.main.TestSuiteExecutor.accessTestSuiteMainPhase(TestSuiteExecutor.java:116)&#xD;
	at com.kms.katalon.core.main.TestSuiteExecutor.execute(TestSuiteExecutor.java:83)&#xD;
	at com.kms.katalon.core.main.TestCaseMain.startTestSuite(TestCaseMain.java:157)&#xD;
	at com.kms.katalon.core.main.TestCaseMain$startTestSuite$0.call(Unknown Source)&#xD;
	at TempTestSuite1562821213466.run(TempTestSuite1562821213466.groovy:35)&#xD;
&#xD;
&#xD;
2019-07-10 22:00:15 - [TEST_STEP][PASSED] - Start listener action : sampleBeforeTestCase: null&#xD;
&#xD;
2019-07-10 22:00:15 - [TEST_STEP][PASSED] - Start setup action : SetUp: Method 'SetUp' complete successfully&#xD;
&#xD;
2019-07-10 22:00:16 - [TEST_STEP][PASSED] - commonKeyword.Table.Login(URL_Project): commonKeyword.Table.Login is PASSED&#xD;
&#xD;
2019-07-10 22:00:16 - [MESSAGE][INFO] - Starting 'Chrome' driver&#xD;
&#xD;
2019-07-10 22:00:16 - [MESSAGE][INFO] - Action delay is set to 0 seconds&#xD;
&#xD;
2019-07-10 22:00:38 - [MESSAGE][PASSED] - Browser is opened with url: 'http://builder101.siteoneservices.xyz/projects/add'&#xD;
&#xD;
2019-07-10 22:00:39 - [MESSAGE][PASSED] - Current window maximized&#xD;
&#xD;
2019-07-10 22:00:39 - [MESSAGE][PASSED] - Text 'builder101@yopmail.com' is set on object 'Object Repository/Login/txt_Email'&#xD;
&#xD;
2019-07-10 22:00:39 - [MESSAGE][PASSED] - Text '1234' is set on object 'Object Repository/Login/txt_Password'&#xD;
&#xD;
2019-07-10 22:00:39 - [MESSAGE][PASSED] - Object: 'Object Repository/Login/btn_Sign in' is clicked on&#xD;
&#xD;
2019-07-10 22:00:39 - [MESSAGE][PASSED] - commonKeyword.Table.Login is PASSED&#xD;
&#xD;
2019-07-10 22:00:39 - [MESSAGE][PASSED] - Method 'SetUp' complete successfully&#xD;
&#xD;
2019-07-10 22:00:39 - [TEST_STEP][PASSED] - projectNameColumn = "": null&#xD;
&#xD;
2019-07-10 22:00:39 - [TEST_STEP][PASSED] - verifyElementPresent(findTestObject("Project/icon_RegionDropdown"), 4): Object 'Object Repository/Project/icon_RegionDropdown' is present&#xD;
&#xD;
2019-07-10 22:00:41 - [MESSAGE][PASSED] - Object 'Object Repository/Project/icon_RegionDropdown' is present&#xD;
&#xD;
2019-07-10 22:00:41 - [TEST_STEP][PASSED] - click(findTestObject("Project/icon_RegionDropdown")): Object: 'Object Repository/Project/icon_RegionDropdown' is clicked on&#xD;
&#xD;
2019-07-10 22:00:41 - [MESSAGE][PASSED] - Object: 'Object Repository/Project/icon_RegionDropdown' is clicked on&#xD;
&#xD;
2019-07-10 22:00:41 - [TEST_STEP][PASSED] - verifyElementPresent(findTestObject("Project/region_Item", ["region_name":regionName]), 2): Object 'Object Repository/Project/region_Item' is present&#xD;
&#xD;
2019-07-10 22:00:42 - [MESSAGE][PASSED] - Object 'Object Repository/Project/region_Item' is present&#xD;
&#xD;
2019-07-10 22:00:42 - [TEST_STEP][PASSED] - click(findTestObject("Project/region_Item", ["region_name":regionName])): Object: 'Object Repository/Project/region_Item' is clicked on&#xD;
&#xD;
2019-07-10 22:00:42 - [MESSAGE][PASSED] - Object: 'Object Repository/Project/region_Item' is clicked on&#xD;
&#xD;
2019-07-10 22:00:42 - [TEST_STEP][FAILED] - markFailed("Can not find project name"): Can not find project name&#xD;
&#xD;
2019-07-10 22:00:42 - [MESSAGE][FAILED] - Can not find project name&#xD;
&#xD;
2019-07-10 22:00:42 - [TEST_STEP][PASSED] - verifyElementPresent(findTestObject("Object Repository/Project/icon_MarketDropdown"), 4): Object 'Object Repository/Project/icon_MarketDropdown' is present&#xD;
&#xD;
2019-07-10 22:00:42 - [MESSAGE][PASSED] - Object 'Object Repository/Project/icon_MarketDropdown' is present&#xD;
&#xD;
2019-07-10 22:00:42 - [TEST_STEP][PASSED] - click(findTestObject("Object Repository/Project/icon_MarketDropdown")): Object: 'Object Repository/Project/icon_MarketDropdown' is clicked on&#xD;
&#xD;
2019-07-10 22:00:42 - [MESSAGE][PASSED] - Object: 'Object Repository/Project/icon_MarketDropdown' is clicked on&#xD;
&#xD;
2019-07-10 22:00:42 - [TEST_STEP][PASSED] - verifyElementPresent(findTestObject("Object Repository/Project/market_Item"), 2): Object 'Object Repository/Project/market_Item' is present&#xD;
&#xD;
2019-07-10 22:00:42 - [MESSAGE][PASSED] - Object 'Object Repository/Project/market_Item' is present&#xD;
&#xD;
2019-07-10 22:00:42 - [TEST_STEP][PASSED] - click(findTestObject("Object Repository/Project/market_Item")): Object: 'Object Repository/Project/market_Item' is clicked on&#xD;
&#xD;
2019-07-10 22:00:42 - [MESSAGE][PASSED] - Object: 'Object Repository/Project/market_Item' is clicked on&#xD;
&#xD;
2019-07-10 22:00:42 - [TEST_STEP][PASSED] - setText(findTestObject("Project/txt_ProjectName"), projectName): Text 'Project testing 3' is set on object 'Object Repository/Project/txt_ProjectName'&#xD;
&#xD;
2019-07-10 22:00:43 - [MESSAGE][PASSED] - Text 'Project testing 3' is set on object 'Object Repository/Project/txt_ProjectName'&#xD;
&#xD;
2019-07-10 22:00:43 - [TEST_STEP][PASSED] - setText(findTestObject("Project/txt_CostCode"), costCode): Text 'cost code 1111' is set on object 'Object Repository/Project/txt_CostCode'&#xD;
&#xD;
2019-07-10 22:00:43 - [MESSAGE][PASSED] - Text 'cost code 1111' is set on object 'Object Repository/Project/txt_CostCode'&#xD;
&#xD;
2019-07-10 22:00:43 - [TEST_STEP][PASSED] - click(findTestObject("Project/icon_ProjectOwner")): Object: 'Object Repository/Project/icon_ProjectOwner' is clicked on&#xD;
&#xD;
2019-07-10 22:00:43 - [MESSAGE][PASSED] - Object: 'Object Repository/Project/icon_ProjectOwner' is clicked on&#xD;
&#xD;
2019-07-10 22:00:43 - [TEST_STEP][PASSED] - verifyElementPresent(findTestObject("Project/projectOwner_Item", ["project_Owner":projectOwner]), 4): Object 'Object Repository/Project/projectOwner_Item' is present&#xD;
&#xD;
2019-07-10 22:00:44 - [MESSAGE][PASSED] - Object 'Object Repository/Project/projectOwner_Item' is present&#xD;
&#xD;
2019-07-10 22:00:44 - [TEST_STEP][PASSED] - click(findTestObject("Project/projectOwner_Item", ["project_Owner":projectOwner])): Object: 'Object Repository/Project/projectOwner_Item' is clicked on&#xD;
&#xD;
2019-07-10 22:00:44 - [MESSAGE][PASSED] - Object: 'Object Repository/Project/projectOwner_Item' is clicked on&#xD;
&#xD;
2019-07-10 22:00:44 - [TEST_STEP][PASSED] - setText(findTestObject("Project/txt_EmergencyPhone"), emergencyPhone): Text '111222333' is set on object 'Object Repository/Project/txt_EmergencyPhone'&#xD;
&#xD;
2019-07-10 22:00:44 - [MESSAGE][PASSED] - Text '111222333' is set on object 'Object Repository/Project/txt_EmergencyPhone'&#xD;
&#xD;
2019-07-10 22:00:44 - [TEST_STEP][PASSED] - click(findTestObject("Project/btn_Create")): Object: 'Object Repository/Project/btn_Create' is clicked on&#xD;
&#xD;
2019-07-10 22:00:44 - [MESSAGE][PASSED] - Object: 'Object Repository/Project/btn_Create' is clicked on&#xD;
&#xD;
2019-07-10 22:00:44 - [TEST_STEP][PASSED] - navigateToUrl(URL_ProjectList): Navigate to 'http://builder101.siteoneservices.xyz/projects' successfully&#xD;
&#xD;
2019-07-10 22:00:46 - [MESSAGE][PASSED] - Navigate to 'http://builder101.siteoneservices.xyz/projects' successfully&#xD;
&#xD;
2019-07-10 22:00:46 - [TEST_STEP][PASSED] - verifyElementPresent(findTestObject("Project/txt_SearchBox"), 6): Object 'Object Repository/Project/txt_SearchBox' is present&#xD;
&#xD;
2019-07-10 22:00:47 - [MESSAGE][PASSED] - Object 'Object Repository/Project/txt_SearchBox' is present&#xD;
&#xD;
2019-07-10 22:00:47 - [TEST_STEP][PASSED] - setText(findTestObject("Project/txt_SearchBox"), projectName): Text 'Project testing 3' is set on object 'Object Repository/Project/txt_SearchBox'&#xD;
&#xD;
2019-07-10 22:00:47 - [MESSAGE][PASSED] - Text 'Project testing 3' is set on object 'Object Repository/Project/txt_SearchBox'&#xD;
&#xD;
2019-07-10 22:00:47 - [TEST_STEP][PASSED] - takeScreenshot("text search"): Taking screenshot successfully&#xD;
&#xD;
2019-07-10 22:00:47 - [MESSAGE][PASSED] - Taking screenshot successfully&#xD;
[[ATTACHMENT|D:\\Works\\project\\S1-Auto\\Reports\\Project\\20190710_220013\\text search]]&#xD;
&#xD;
2019-07-10 22:00:47 - [TEST_STEP][PASSED] - click(findTestObject("Project/icon_Seach")): Object: 'Object Repository/Project/icon_Seach' is clicked on&#xD;
&#xD;
2019-07-10 22:00:47 - [MESSAGE][PASSED] - Object: 'Object Repository/Project/icon_Seach' is clicked on&#xD;
&#xD;
2019-07-10 22:00:47 - [TEST_STEP][PASSED] - projectNameColumn = getText(findTestObject("Project/column_NameOfProject")): Text of object 'Object Repository/Project/column_NameOfProject' is: 'Project 111'&#xD;
&#xD;
2019-07-10 22:00:47 - [MESSAGE][PASSED] - Text of object 'Object Repository/Project/column_NameOfProject' is: 'Project 111'&#xD;
&#xD;
2019-07-10 22:00:47 - [TEST_STEP][FAILED] - if (!(projectNameColumn.equals(projectName))): Can not find project name&#xD;
&#xD;
2019-07-10 22:00:47 - [TEST_STEP][FAILED] - markFailed("Can not find project name"): Can not find project name&#xD;
&#xD;
2019-07-10 22:00:47 - [MESSAGE][FAILED] - Can not find project name&#xD;
&#xD;
2019-07-10 22:00:47 - [TEST_STEP][PASSED] - Start listener action : sampleAfterTestCase: null</system-out>
            <system-err>2019-07-10 22:00:15 - [TEST_CASE][FAILED] - Test Cases/CreateNewProject: Test Cases/CreateNewProject FAILED.
Reason:
com.kms.katalon.core.exception.StepFailedException: Can not find project name&#xD;
	at com.kms.katalon.core.util.KeywordUtil.markFailed(KeywordUtil.java:19)&#xD;
	at com.kms.katalon.core.util.KeywordUtil$markFailed.call(Unknown Source)&#xD;
	at CreateNewProject.run(CreateNewProject:26)&#xD;
	at com.kms.katalon.core.main.ScriptEngine.run(ScriptEngine.java:194)&#xD;
	at com.kms.katalon.core.main.ScriptEngine.runScriptAsRawText(ScriptEngine.java:119)&#xD;
	at com.kms.katalon.core.main.TestCaseExecutor.runScript(TestCaseExecutor.java:337)&#xD;
	at com.kms.katalon.core.main.TestCaseExecutor.doExecute(TestCaseExecutor.java:328)&#xD;
	at com.kms.katalon.core.main.TestCaseExecutor.processExecutionPhase(TestCaseExecutor.java:307)&#xD;
	at com.kms.katalon.core.main.TestCaseExecutor.accessMainPhase(TestCaseExecutor.java:299)&#xD;
	at com.kms.katalon.core.main.TestCaseExecutor.execute(TestCaseExecutor.java:233)&#xD;
	at com.kms.katalon.core.main.TestSuiteExecutor.accessTestCaseMainPhase(TestSuiteExecutor.java:133)&#xD;
	at com.kms.katalon.core.main.TestSuiteExecutor.accessTestSuiteMainPhase(TestSuiteExecutor.java:116)&#xD;
	at com.kms.katalon.core.main.TestSuiteExecutor.execute(TestSuiteExecutor.java:83)&#xD;
	at com.kms.katalon.core.main.TestCaseMain.startTestSuite(TestCaseMain.java:157)&#xD;
	at com.kms.katalon.core.main.TestCaseMain$startTestSuite$0.call(Unknown Source)&#xD;
	at TempTestSuite1562821213466.run(TempTestSuite1562821213466.groovy:35)</system-err>
        </testcase>
        <system-out>2019-07-10 22:00:15 - [TEST_SUITE][INCOMPLETE] - Project: null</system-out>
        <system-err>2019-07-10 22:00:15 - [TEST_SUITE][INCOMPLETE] - Project: null</system-err>
    </testsuite>
</testsuites>
